{"/Users/Makhmud_Aliev/Workspace/edu/production-project/config/jest/jestEmptyComponent.tsx": {"path":"/Users/Makhmud_Aliev/Workspace/edu/production-project/config/jest/jestEmptyComponent.tsx","statementMap":{"0":{"start":{"line":3,"column":27},"end":{"line":5,"column":1}},"1":{"start":{"line":4,"column":2},"end":{"line":4,"column":39}}},"fnMap":{"0":{"name":"(anonymous_0)","decl":{"start":{"line":3,"column":27},"end":{"line":3,"column":28}},"loc":{"start":{"line":3,"column":33},"end":{"line":5,"column":1}},"line":3}},"branchMap":{},"s":{"0":1,"1":3},"f":{"0":3},"b":{},"_coverageSchema":"1a1c01bbd47fc00a2c39e90264f33305004495a9","hash":"6b8083f6cac5363be730fc22498f8251546d0fbd"}
,"/Users/Makhmud_Aliev/Workspace/edu/production-project/src/app/providers/ThemeProvider/index.ts": {"path":"/Users/Makhmud_Aliev/Workspace/edu/production-project/src/app/providers/ThemeProvider/index.ts","statementMap":{},"fnMap":{},"branchMap":{},"s":{},"f":{},"b":{},"_coverageSchema":"1a1c01bbd47fc00a2c39e90264f33305004495a9","hash":"ba01e37923e1cef2b7ed5559b1ac89301233e459"}
,"/Users/Makhmud_Aliev/Workspace/edu/production-project/src/app/providers/ThemeProvider/lib/ThemeContext.ts": {"path":"/Users/Makhmud_Aliev/Workspace/edu/production-project/src/app/providers/ThemeProvider/lib/ThemeContext.ts","statementMap":{"0":{"start":{"line":13,"column":28},"end":{"line":13,"column":64}},"1":{"start":{"line":15,"column":39},"end":{"line":15,"column":46}}},"fnMap":{},"branchMap":{},"s":{"0":1,"1":1},"f":{},"b":{},"_coverageSchema":"1a1c01bbd47fc00a2c39e90264f33305004495a9","hash":"eaa778e26cfe6d7a346cc5c9dd06a6d2fb5cfb33"}
,"/Users/Makhmud_Aliev/Workspace/edu/production-project/src/app/providers/ThemeProvider/lib/useTheme.ts": {"path":"/Users/Makhmud_Aliev/Workspace/edu/production-project/src/app/providers/ThemeProvider/lib/useTheme.ts","statementMap":{"0":{"start":{"line":9,"column":24},"end":{"line":19,"column":1}},"1":{"start":{"line":10,"column":30},"end":{"line":10,"column":54}},"2":{"start":{"line":12,"column":22},"end":{"line":16,"column":3}},"3":{"start":{"line":13,"column":21},"end":{"line":13,"column":68}},"4":{"start":{"line":14,"column":4},"end":{"line":14,"column":23}},"5":{"start":{"line":15,"column":4},"end":{"line":15,"column":60}},"6":{"start":{"line":18,"column":2},"end":{"line":18,"column":32}}},"fnMap":{"0":{"name":"(anonymous_0)","decl":{"start":{"line":9,"column":24},"end":{"line":9,"column":25}},"loc":{"start":{"line":9,"column":46},"end":{"line":19,"column":1}},"line":9},"1":{"name":"(anonymous_1)","decl":{"start":{"line":12,"column":22},"end":{"line":12,"column":23}},"loc":{"start":{"line":12,"column":28},"end":{"line":16,"column":3}},"line":12}},"branchMap":{"0":{"loc":{"start":{"line":13,"column":21},"end":{"line":13,"column":68}},"type":"cond-expr","locations":[{"start":{"line":13,"column":44},"end":{"line":13,"column":55}},{"start":{"line":13,"column":58},"end":{"line":13,"column":68}}],"line":13}},"s":{"0":1,"1":3,"2":3,"3":0,"4":0,"5":0,"6":3},"f":{"0":3,"1":0},"b":{"0":[0,0]},"_coverageSchema":"1a1c01bbd47fc00a2c39e90264f33305004495a9","hash":"383877ed5ba5e4efd9733df76aa6e4ae6c2ccbee"}
,"/Users/Makhmud_Aliev/Workspace/edu/production-project/src/app/providers/ThemeProvider/ui/ThemeProvider.tsx": {"path":"/Users/Makhmud_Aliev/Workspace/edu/production-project/src/app/providers/ThemeProvider/ui/ThemeProvider.tsx","statementMap":{"0":{"start":{"line":4,"column":21},"end":{"line":4,"column":92}},"1":{"start":{"line":6,"column":26},"end":{"line":18,"column":1}},"2":{"start":{"line":7,"column":28},"end":{"line":7,"column":57}},"3":{"start":{"line":9,"column":23},"end":{"line":15,"column":3}},"4":{"start":{"line":10,"column":11},"end":{"line":13,"column":5}},"5":{"start":{"line":17,"column":2},"end":{"line":17,"column":88}}},"fnMap":{"0":{"name":"(anonymous_0)","decl":{"start":{"line":6,"column":26},"end":{"line":6,"column":27}},"loc":{"start":{"line":6,"column":44},"end":{"line":18,"column":1}},"line":6},"1":{"name":"(anonymous_1)","decl":{"start":{"line":10,"column":4},"end":{"line":10,"column":5}},"loc":{"start":{"line":10,"column":11},"end":{"line":13,"column":5}},"line":10}},"branchMap":{"0":{"loc":{"start":{"line":4,"column":21},"end":{"line":4,"column":92}},"type":"binary-expr","locations":[{"start":{"line":4,"column":22},"end":{"line":4,"column":76}},{"start":{"line":4,"column":81},"end":{"line":4,"column":92}}],"line":4}},"s":{"0":1,"1":1,"2":0,"3":0,"4":0,"5":0},"f":{"0":0,"1":0},"b":{"0":[1,1]},"_coverageSchema":"1a1c01bbd47fc00a2c39e90264f33305004495a9","hash":"f1daa86622667bbfa8b35d70ad9011ec46627617"}
,"/Users/Makhmud_Aliev/Workspace/edu/production-project/src/shared/lib/classNames/classNames.ts": {"path":"/Users/Makhmud_Aliev/Workspace/edu/production-project/src/shared/lib/classNames/classNames.ts","statementMap":{"0":{"start":{"line":4,"column":2},"end":{"line":10,"column":14}},"1":{"start":{"line":8,"column":38},"end":{"line":8,"column":52}},"2":{"start":{"line":9,"column":28},"end":{"line":9,"column":37}}},"fnMap":{"0":{"name":"classNames","decl":{"start":{"line":3,"column":16},"end":{"line":3,"column":26}},"loc":{"start":{"line":3,"column":92},"end":{"line":11,"column":1}},"line":3},"1":{"name":"(anonymous_1)","decl":{"start":{"line":8,"column":14},"end":{"line":8,"column":15}},"loc":{"start":{"line":8,"column":38},"end":{"line":8,"column":52}},"line":8},"2":{"name":"(anonymous_2)","decl":{"start":{"line":9,"column":11},"end":{"line":9,"column":12}},"loc":{"start":{"line":9,"column":28},"end":{"line":9,"column":37}},"line":9}},"branchMap":{"0":{"loc":{"start":{"line":3,"column":40},"end":{"line":3,"column":55}},"type":"default-arg","locations":[{"start":{"line":3,"column":53},"end":{"line":3,"column":55}}],"line":3},"1":{"loc":{"start":{"line":3,"column":57},"end":{"line":3,"column":82}},"type":"default-arg","locations":[{"start":{"line":3,"column":80},"end":{"line":3,"column":82}}],"line":3}},"s":{"0":21,"1":9,"2":5},"f":{"0":21,"1":9,"2":5},"b":{"0":[1],"1":[1]},"_coverageSchema":"1a1c01bbd47fc00a2c39e90264f33305004495a9","hash":"df1ef5a55542f77c43062edfbb10580e658bf8be"}
,"/Users/Makhmud_Aliev/Workspace/edu/production-project/src/shared/ui/Button/Button.tsx": {"path":"/Users/Makhmud_Aliev/Workspace/edu/production-project/src/shared/ui/Button/Button.tsx","statementMap":{"0":{"start":{"line":14,"column":39},"end":{"line":21,"column":1}},"1":{"start":{"line":15,"column":56},"end":{"line":15,"column":61}},"2":{"start":{"line":16,"column":2},"end":{"line":20,"column":4}}},"fnMap":{"0":{"name":"(anonymous_0)","decl":{"start":{"line":14,"column":39},"end":{"line":14,"column":40}},"loc":{"start":{"line":14,"column":48},"end":{"line":21,"column":1}},"line":14}},"branchMap":{},"s":{"0":2,"1":7,"2":7},"f":{"0":7},"b":{},"_coverageSchema":"1a1c01bbd47fc00a2c39e90264f33305004495a9","hash":"66054a239056d54ac9aaed4d64f8b97d94fdfd69"}
,"/Users/Makhmud_Aliev/Workspace/edu/production-project/src/widgets/LangToggler/index.ts": {"path":"/Users/Makhmud_Aliev/Workspace/edu/production-project/src/widgets/LangToggler/index.ts","statementMap":{},"fnMap":{},"branchMap":{},"s":{},"f":{},"b":{},"_coverageSchema":"1a1c01bbd47fc00a2c39e90264f33305004495a9","hash":"7622a9e3f3b86d49a103004519d522a568961ce0"}
,"/Users/Makhmud_Aliev/Workspace/edu/production-project/src/widgets/LangToggler/ui/LangToggler.tsx": {"path":"/Users/Makhmud_Aliev/Workspace/edu/production-project/src/widgets/LangToggler/ui/LangToggler.tsx","statementMap":{"0":{"start":{"line":9,"column":27},"end":{"line":21,"column":1}},"1":{"start":{"line":10,"column":22},"end":{"line":10,"column":38}},"2":{"start":{"line":12,"column":21},"end":{"line":15,"column":3}},"3":{"start":{"line":14,"column":4},"end":{"line":14,"column":62}},"4":{"start":{"line":16,"column":2},"end":{"line":20,"column":4}}},"fnMap":{"0":{"name":"(anonymous_0)","decl":{"start":{"line":9,"column":27},"end":{"line":9,"column":28}},"loc":{"start":{"line":9,"column":64},"end":{"line":21,"column":1}},"line":9},"1":{"name":"(anonymous_1)","decl":{"start":{"line":12,"column":21},"end":{"line":12,"column":22}},"loc":{"start":{"line":12,"column":27},"end":{"line":15,"column":3}},"line":12}},"branchMap":{"0":{"loc":{"start":{"line":14,"column":24},"end":{"line":14,"column":60}},"type":"cond-expr","locations":[{"start":{"line":14,"column":49},"end":{"line":14,"column":53}},{"start":{"line":14,"column":56},"end":{"line":14,"column":60}}],"line":14}},"s":{"0":1,"1":3,"2":3,"3":0,"4":3},"f":{"0":3,"1":0},"b":{"0":[0,0]},"_coverageSchema":"1a1c01bbd47fc00a2c39e90264f33305004495a9","hash":"aceb99939f0cf2f6b8a28d423caa789d8b048cd6"}
,"/Users/Makhmud_Aliev/Workspace/edu/production-project/src/widgets/Sidebar/index.ts": {"path":"/Users/Makhmud_Aliev/Workspace/edu/production-project/src/widgets/Sidebar/index.ts","statementMap":{},"fnMap":{},"branchMap":{},"s":{},"f":{},"b":{},"_coverageSchema":"1a1c01bbd47fc00a2c39e90264f33305004495a9","hash":"93275eac7b9a5d0772ffd196b651261ad81b4558"}
,"/Users/Makhmud_Aliev/Workspace/edu/production-project/src/widgets/Sidebar/ui/Sidebar/Sidebar.tsx": {"path":"/Users/Makhmud_Aliev/Workspace/edu/production-project/src/widgets/Sidebar/ui/Sidebar/Sidebar.tsx","statementMap":{"0":{"start":{"line":12,"column":23},"end":{"line":28,"column":1}},"1":{"start":{"line":13,"column":36},"end":{"line":13,"column":51}},"2":{"start":{"line":15,"column":16},"end":{"line":15,"column":32}},"3":{"start":{"line":17,"column":2},"end":{"line":27,"column":4}},"4":{"start":{"line":19,"column":58},"end":{"line":19,"column":85}},"5":{"start":{"line":19,"column":79},"end":{"line":19,"column":84}}},"fnMap":{"0":{"name":"(anonymous_0)","decl":{"start":{"line":12,"column":23},"end":{"line":12,"column":24}},"loc":{"start":{"line":12,"column":56},"end":{"line":28,"column":1}},"line":12},"1":{"name":"(anonymous_1)","decl":{"start":{"line":19,"column":52},"end":{"line":19,"column":53}},"loc":{"start":{"line":19,"column":58},"end":{"line":19,"column":85}},"line":19},"2":{"name":"(anonymous_2)","decl":{"start":{"line":19,"column":71},"end":{"line":19,"column":72}},"loc":{"start":{"line":19,"column":79},"end":{"line":19,"column":84}},"line":19}},"branchMap":{},"s":{"0":1,"1":3,"2":3,"3":3,"4":1,"5":1},"f":{"0":3,"1":1,"2":1},"b":{},"_coverageSchema":"1a1c01bbd47fc00a2c39e90264f33305004495a9","hash":"87dc5aa10995578974f31251140b0a8498fa9656"}
,"/Users/Makhmud_Aliev/Workspace/edu/production-project/src/widgets/ThemeToggler/index.ts": {"path":"/Users/Makhmud_Aliev/Workspace/edu/production-project/src/widgets/ThemeToggler/index.ts","statementMap":{},"fnMap":{},"branchMap":{},"s":{},"f":{},"b":{},"_coverageSchema":"1a1c01bbd47fc00a2c39e90264f33305004495a9","hash":"7bb45d28a795064dbc8e205a47dfd67c2f75dd73"}
,"/Users/Makhmud_Aliev/Workspace/edu/production-project/src/widgets/ThemeToggler/ui/ThemeToggler.tsx": {"path":"/Users/Makhmud_Aliev/Workspace/edu/production-project/src/widgets/ThemeToggler/ui/ThemeToggler.tsx","statementMap":{"0":{"start":{"line":11,"column":28},"end":{"line":19,"column":1}},"1":{"start":{"line":12,"column":33},"end":{"line":12,"column":43}},"2":{"start":{"line":14,"column":2},"end":{"line":18,"column":4}}},"fnMap":{"0":{"name":"(anonymous_0)","decl":{"start":{"line":11,"column":28},"end":{"line":11,"column":29}},"loc":{"start":{"line":11,"column":66},"end":{"line":19,"column":1}},"line":11}},"branchMap":{"0":{"loc":{"start":{"line":16,"column":7},"end":{"line":16,"column":68}},"type":"cond-expr","locations":[{"start":{"line":16,"column":30},"end":{"line":16,"column":48}},{"start":{"line":16,"column":51},"end":{"line":16,"column":68}}],"line":16}},"s":{"0":1,"1":3,"2":3},"f":{"0":3},"b":{"0":[0,3]},"_coverageSchema":"1a1c01bbd47fc00a2c39e90264f33305004495a9","hash":"2e3c20d858b098b4a82c1f84de4de351b320fde0"}
}
